{"/home/mkweb/react-projects/ultimate-react-course/unit-testing/src/core.js": {"path":"/home/mkweb/react-projects/ultimate-react-course/unit-testing/src/core.js","all":false,"statementMap":{"0":{"start":{"line":1,"column":0},"end":{"line":1,"column":36}},"1":{"start":{"line":2,"column":0},"end":{"line":2,"column":30}},"2":{"start":{"line":3,"column":0},"end":{"line":3,"column":10}},"3":{"start":{"line":4,"column":0},"end":{"line":4,"column":41}},"4":{"start":{"line":5,"column":0},"end":{"line":5,"column":45}},"5":{"start":{"line":6,"column":0},"end":{"line":6,"column":43}},"6":{"start":{"line":7,"column":0},"end":{"line":7,"column":4}},"7":{"start":{"line":8,"column":0},"end":{"line":8,"column":1}},"8":{"start":{"line":9,"column":0},"end":{"line":9,"column":0}},"9":{"start":{"line":10,"column":0},"end":{"line":10,"column":40}},"10":{"start":{"line":11,"column":0},"end":{"line":11,"column":56}},"11":{"start":{"line":12,"column":0},"end":{"line":12,"column":48}},"12":{"start":{"line":13,"column":0},"end":{"line":13,"column":27}},"13":{"start":{"line":14,"column":0},"end":{"line":14,"column":3}},"14":{"start":{"line":15,"column":0},"end":{"line":15,"column":0}},"15":{"start":{"line":16,"column":0},"end":{"line":16,"column":41}},"16":{"start":{"line":17,"column":0},"end":{"line":17,"column":35}},"17":{"start":{"line":18,"column":0},"end":{"line":18,"column":3}},"18":{"start":{"line":19,"column":0},"end":{"line":19,"column":0}},"19":{"start":{"line":20,"column":0},"end":{"line":20,"column":19}},"20":{"start":{"line":21,"column":0},"end":{"line":21,"column":34}},"21":{"start":{"line":22,"column":0},"end":{"line":22,"column":19}},"22":{"start":{"line":23,"column":0},"end":{"line":23,"column":41}},"23":{"start":{"line":24,"column":0},"end":{"line":24,"column":19}},"24":{"start":{"line":25,"column":0},"end":{"line":25,"column":3}},"25":{"start":{"line":26,"column":0},"end":{"line":26,"column":0}},"26":{"start":{"line":27,"column":0},"end":{"line":27,"column":34}},"27":{"start":{"line":28,"column":0},"end":{"line":28,"column":1}},"28":{"start":{"line":29,"column":0},"end":{"line":29,"column":0}},"29":{"start":{"line":30,"column":0},"end":{"line":30,"column":42}},"30":{"start":{"line":31,"column":0},"end":{"line":31,"column":50}},"31":{"start":{"line":32,"column":0},"end":{"line":32,"column":18}},"32":{"start":{"line":33,"column":0},"end":{"line":33,"column":0}},"33":{"start":{"line":34,"column":0},"end":{"line":34,"column":6}},"34":{"start":{"line":35,"column":0},"end":{"line":35,"column":35}},"35":{"start":{"line":36,"column":0},"end":{"line":36,"column":26}},"36":{"start":{"line":37,"column":0},"end":{"line":37,"column":25}},"37":{"start":{"line":38,"column":0},"end":{"line":38,"column":5}},"38":{"start":{"line":39,"column":0},"end":{"line":39,"column":36}},"39":{"start":{"line":40,"column":0},"end":{"line":40,"column":3}},"40":{"start":{"line":41,"column":0},"end":{"line":41,"column":0}},"41":{"start":{"line":42,"column":0},"end":{"line":42,"column":57}},"42":{"start":{"line":43,"column":0},"end":{"line":43,"column":31}},"43":{"start":{"line":44,"column":0},"end":{"line":44,"column":3}},"44":{"start":{"line":45,"column":0},"end":{"line":45,"column":0}},"45":{"start":{"line":46,"column":0},"end":{"line":46,"column":75}},"46":{"start":{"line":47,"column":0},"end":{"line":47,"column":1}},"47":{"start":{"line":48,"column":0},"end":{"line":48,"column":0}},"48":{"start":{"line":49,"column":0},"end":{"line":49,"column":27}},"49":{"start":{"line":50,"column":0},"end":{"line":50,"column":49}},"50":{"start":{"line":51,"column":0},"end":{"line":51,"column":38}},"51":{"start":{"line":52,"column":0},"end":{"line":52,"column":1}},"52":{"start":{"line":53,"column":0},"end":{"line":53,"column":0}},"53":{"start":{"line":54,"column":0},"end":{"line":54,"column":29}},"54":{"start":{"line":55,"column":0},"end":{"line":55,"column":43}},"55":{"start":{"line":56,"column":0},"end":{"line":56,"column":22}},"56":{"start":{"line":57,"column":0},"end":{"line":57,"column":23}},"57":{"start":{"line":58,"column":0},"end":{"line":58,"column":30}},"58":{"start":{"line":59,"column":0},"end":{"line":59,"column":0}},"59":{"start":{"line":60,"column":0},"end":{"line":60,"column":70}},"60":{"start":{"line":61,"column":0},"end":{"line":61,"column":1}},"61":{"start":{"line":62,"column":0},"end":{"line":62,"column":0}},"62":{"start":{"line":63,"column":0},"end":{"line":63,"column":29}},"63":{"start":{"line":64,"column":0},"end":{"line":64,"column":44}},"64":{"start":{"line":65,"column":0},"end":{"line":65,"column":27}},"65":{"start":{"line":66,"column":0},"end":{"line":66,"column":11}},"66":{"start":{"line":67,"column":0},"end":{"line":67,"column":11}},"67":{"start":{"line":68,"column":0},"end":{"line":68,"column":4}},"68":{"start":{"line":69,"column":0},"end":{"line":69,"column":0}},"69":{"start":{"line":70,"column":0},"end":{"line":70,"column":38}},"70":{"start":{"line":71,"column":0},"end":{"line":71,"column":34}},"71":{"start":{"line":72,"column":0},"end":{"line":72,"column":3}},"72":{"start":{"line":73,"column":0},"end":{"line":73,"column":0}},"73":{"start":{"line":74,"column":0},"end":{"line":74,"column":59}},"74":{"start":{"line":75,"column":0},"end":{"line":75,"column":1}},"75":{"start":{"line":76,"column":0},"end":{"line":76,"column":0}},"76":{"start":{"line":77,"column":0},"end":{"line":77,"column":36}},"77":{"start":{"line":78,"column":0},"end":{"line":78,"column":29}},"78":{"start":{"line":79,"column":0},"end":{"line":79,"column":35}},"79":{"start":{"line":80,"column":0},"end":{"line":80,"column":22}},"80":{"start":{"line":81,"column":0},"end":{"line":81,"column":29}},"81":{"start":{"line":82,"column":0},"end":{"line":82,"column":20}},"82":{"start":{"line":83,"column":0},"end":{"line":83,"column":7}},"83":{"start":{"line":84,"column":0},"end":{"line":84,"column":5}},"84":{"start":{"line":85,"column":0},"end":{"line":85,"column":1}},"85":{"start":{"line":86,"column":0},"end":{"line":86,"column":0}},"86":{"start":{"line":87,"column":0},"end":{"line":87,"column":43}},"87":{"start":{"line":88,"column":0},"end":{"line":88,"column":35}},"88":{"start":{"line":89,"column":0},"end":{"line":89,"column":56}},"89":{"start":{"line":90,"column":0},"end":{"line":90,"column":1}},"90":{"start":{"line":91,"column":0},"end":{"line":91,"column":0}},"91":{"start":{"line":92,"column":0},"end":{"line":92,"column":29}},"92":{"start":{"line":93,"column":0},"end":{"line":93,"column":20}},"93":{"start":{"line":94,"column":0},"end":{"line":94,"column":17}},"94":{"start":{"line":95,"column":0},"end":{"line":95,"column":20}},"95":{"start":{"line":96,"column":0},"end":{"line":96,"column":3}},"96":{"start":{"line":97,"column":0},"end":{"line":97,"column":0}},"97":{"start":{"line":98,"column":0},"end":{"line":98,"column":14}},"98":{"start":{"line":99,"column":0},"end":{"line":99,"column":26}},"99":{"start":{"line":100,"column":0},"end":{"line":100,"column":3}},"100":{"start":{"line":101,"column":0},"end":{"line":101,"column":0}},"101":{"start":{"line":102,"column":0},"end":{"line":102,"column":9}},"102":{"start":{"line":103,"column":0},"end":{"line":103,"column":25}},"103":{"start":{"line":104,"column":0},"end":{"line":104,"column":40}},"104":{"start":{"line":105,"column":0},"end":{"line":105,"column":5}},"105":{"start":{"line":106,"column":0},"end":{"line":106,"column":28}},"106":{"start":{"line":107,"column":0},"end":{"line":107,"column":3}},"107":{"start":{"line":108,"column":0},"end":{"line":108,"column":0}},"108":{"start":{"line":109,"column":0},"end":{"line":109,"column":10}},"109":{"start":{"line":110,"column":0},"end":{"line":110,"column":25}},"110":{"start":{"line":111,"column":0},"end":{"line":111,"column":40}},"111":{"start":{"line":112,"column":0},"end":{"line":112,"column":5}},"112":{"start":{"line":113,"column":0},"end":{"line":113,"column":45}},"113":{"start":{"line":114,"column":0},"end":{"line":114,"column":3}},"114":{"start":{"line":115,"column":0},"end":{"line":115,"column":0}},"115":{"start":{"line":116,"column":0},"end":{"line":116,"column":13}},"116":{"start":{"line":117,"column":0},"end":{"line":117,"column":35}},"117":{"start":{"line":118,"column":0},"end":{"line":118,"column":3}},"118":{"start":{"line":119,"column":0},"end":{"line":119,"column":0}},"119":{"start":{"line":120,"column":0},"end":{"line":120,"column":10}},"120":{"start":{"line":121,"column":0},"end":{"line":121,"column":29}},"121":{"start":{"line":122,"column":0},"end":{"line":122,"column":3}},"122":{"start":{"line":123,"column":0},"end":{"line":123,"column":0}},"123":{"start":{"line":124,"column":0},"end":{"line":124,"column":11}},"124":{"start":{"line":125,"column":0},"end":{"line":125,"column":20}},"125":{"start":{"line":126,"column":0},"end":{"line":126,"column":3}},"126":{"start":{"line":127,"column":0},"end":{"line":127,"column":1}},"127":{"start":{"line":128,"column":0},"end":{"line":128,"column":0}},"128":{"start":{"line":129,"column":0},"end":{"line":129,"column":23}},"129":{"start":{"line":130,"column":0},"end":{"line":130,"column":40}},"130":{"start":{"line":131,"column":0},"end":{"line":131,"column":20}},"131":{"start":{"line":132,"column":0},"end":{"line":132,"column":12}},"132":{"start":{"line":133,"column":0},"end":{"line":133,"column":21}},"133":{"start":{"line":134,"column":0},"end":{"line":134,"column":66}},"134":{"start":{"line":135,"column":0},"end":{"line":135,"column":6}},"135":{"start":{"line":136,"column":0},"end":{"line":136,"column":0}},"136":{"start":{"line":137,"column":0},"end":{"line":137,"column":25}},"137":{"start":{"line":138,"column":0},"end":{"line":138,"column":12}},"138":{"start":{"line":139,"column":0},"end":{"line":139,"column":21}},"139":{"start":{"line":140,"column":0},"end":{"line":140,"column":68}},"140":{"start":{"line":141,"column":0},"end":{"line":141,"column":6}},"141":{"start":{"line":142,"column":0},"end":{"line":142,"column":0}},"142":{"start":{"line":143,"column":0},"end":{"line":143,"column":74}},"143":{"start":{"line":144,"column":0},"end":{"line":144,"column":1}},"144":{"start":{"line":145,"column":0},"end":{"line":145,"column":0}},"145":{"start":{"line":146,"column":0},"end":{"line":146,"column":44}},"146":{"start":{"line":147,"column":0},"end":{"line":147,"column":60}},"147":{"start":{"line":148,"column":0},"end":{"line":148,"column":28}},"148":{"start":{"line":149,"column":0},"end":{"line":149,"column":17}},"149":{"start":{"line":150,"column":0},"end":{"line":150,"column":3}},"150":{"start":{"line":151,"column":0},"end":{"line":151,"column":0}},"151":{"start":{"line":152,"column":0},"end":{"line":152,"column":65}},"152":{"start":{"line":153,"column":0},"end":{"line":153,"column":32}},"153":{"start":{"line":154,"column":0},"end":{"line":154,"column":17}},"154":{"start":{"line":155,"column":0},"end":{"line":155,"column":3}},"155":{"start":{"line":156,"column":0},"end":{"line":156,"column":0}},"156":{"start":{"line":157,"column":0},"end":{"line":157,"column":65}},"157":{"start":{"line":158,"column":0},"end":{"line":158,"column":32}},"158":{"start":{"line":159,"column":0},"end":{"line":159,"column":17}},"159":{"start":{"line":160,"column":0},"end":{"line":160,"column":3}},"160":{"start":{"line":161,"column":0},"end":{"line":161,"column":0}},"161":{"start":{"line":162,"column":0},"end":{"line":162,"column":63}},"162":{"start":{"line":163,"column":0},"end":{"line":163,"column":29}},"163":{"start":{"line":164,"column":0},"end":{"line":164,"column":17}},"164":{"start":{"line":165,"column":0},"end":{"line":165,"column":3}},"165":{"start":{"line":166,"column":0},"end":{"line":166,"column":0}},"166":{"start":{"line":167,"column":0},"end":{"line":167,"column":58}},"167":{"start":{"line":168,"column":0},"end":{"line":168,"column":14}},"168":{"start":{"line":169,"column":0},"end":{"line":169,"column":1}}},"s":{"0":1,"1":1,"2":3,"3":3,"4":3,"5":3,"6":3,"7":3,"8":1,"9":1,"10":1,"11":6,"12":2,"13":2,"14":4,"15":6,"16":1,"17":1,"18":3,"19":3,"20":6,"21":1,"22":6,"23":1,"24":1,"25":3,"26":3,"27":3,"28":1,"29":1,"30":1,"31":9,"32":9,"33":9,"34":9,"35":9,"36":5,"37":9,"38":5,"39":5,"40":9,"41":9,"42":5,"43":5,"44":9,"45":9,"46":9,"47":1,"48":1,"49":1,"50":5,"51":5,"52":1,"53":1,"54":1,"55":9,"56":9,"57":9,"58":7,"59":9,"60":9,"61":1,"62":1,"63":1,"64":9,"65":9,"66":9,"67":9,"68":9,"69":9,"70":1,"71":1,"72":8,"73":9,"74":9,"75":1,"76":1,"77":1,"78":1,"79":1,"80":1,"81":1,"82":1,"83":1,"84":1,"85":1,"86":1,"87":1,"88":1,"89":1,"90":1,"91":1,"92":1,"93":1,"94":9,"95":9,"96":1,"97":1,"98":12,"99":12,"100":1,"101":1,"102":2,"103":1,"104":1,"105":1,"106":2,"107":1,"108":1,"109":2,"110":1,"111":1,"112":1,"113":2,"114":1,"115":1,"116":6,"117":6,"118":1,"119":1,"120":5,"121":5,"122":1,"123":1,"124":1,"125":1,"126":1,"127":1,"128":1,"129":1,"130":8,"131":8,"132":2,"133":2,"134":2,"135":6,"136":6,"137":8,"138":4,"139":4,"140":4,"141":2,"142":2,"143":2,"144":1,"145":1,"146":5,"147":5,"148":1,"149":1,"150":4,"151":4,"152":5,"153":1,"154":1,"155":3,"156":3,"157":5,"158":1,"159":1,"160":2,"161":2,"162":5,"163":1,"164":1,"165":1,"166":1,"167":1,"168":1},"branchMap":{"0":{"type":"branch","line":2,"loc":{"start":{"line":2,"column":7},"end":{"line":8,"column":1}},"locations":[{"start":{"line":2,"column":7},"end":{"line":8,"column":1}}]},"1":{"type":"branch","line":11,"loc":{"start":{"line":11,"column":7},"end":{"line":28,"column":1}},"locations":[{"start":{"line":11,"column":7},"end":{"line":28,"column":1}}]},"2":{"type":"branch","line":12,"loc":{"start":{"line":12,"column":32},"end":{"line":12,"column":45}},"locations":[{"start":{"line":12,"column":32},"end":{"line":12,"column":45}}]},"3":{"type":"branch","line":12,"loc":{"start":{"line":12,"column":47},"end":{"line":14,"column":3}},"locations":[{"start":{"line":12,"column":47},"end":{"line":14,"column":3}}]},"4":{"type":"branch","line":15,"loc":{"start":{"line":15,"column":-1},"end":{"line":16,"column":40}},"locations":[{"start":{"line":15,"column":-1},"end":{"line":16,"column":40}}]},"5":{"type":"branch","line":16,"loc":{"start":{"line":16,"column":40},"end":{"line":18,"column":3}},"locations":[{"start":{"line":16,"column":40},"end":{"line":18,"column":3}}]},"6":{"type":"branch","line":19,"loc":{"start":{"line":19,"column":-1},"end":{"line":21,"column":33}},"locations":[{"start":{"line":19,"column":-1},"end":{"line":21,"column":33}}]},"7":{"type":"branch","line":21,"loc":{"start":{"line":21,"column":33},"end":{"line":23,"column":3}},"locations":[{"start":{"line":21,"column":33},"end":{"line":23,"column":3}}]},"8":{"type":"branch","line":23,"loc":{"start":{"line":23,"column":3},"end":{"line":25,"column":3}},"locations":[{"start":{"line":23,"column":3},"end":{"line":25,"column":3}}]},"9":{"type":"branch","line":23,"loc":{"start":{"line":23,"column":40},"end":{"line":25,"column":3}},"locations":[{"start":{"line":23,"column":40},"end":{"line":25,"column":3}}]},"10":{"type":"branch","line":26,"loc":{"start":{"line":26,"column":-1},"end":{"line":28,"column":1}},"locations":[{"start":{"line":26,"column":-1},"end":{"line":28,"column":1}}]},"11":{"type":"branch","line":31,"loc":{"start":{"line":31,"column":7},"end":{"line":47,"column":1}},"locations":[{"start":{"line":31,"column":7},"end":{"line":47,"column":1}}]},"12":{"type":"branch","line":35,"loc":{"start":{"line":35,"column":33},"end":{"line":36,"column":23}},"locations":[{"start":{"line":35,"column":33},"end":{"line":36,"column":23}}]},"13":{"type":"branch","line":36,"loc":{"start":{"line":36,"column":24},"end":{"line":37,"column":25}},"locations":[{"start":{"line":36,"column":24},"end":{"line":37,"column":25}}]},"14":{"type":"branch","line":38,"loc":{"start":{"line":38,"column":4},"end":{"line":40,"column":3}},"locations":[{"start":{"line":38,"column":4},"end":{"line":40,"column":3}}]},"15":{"type":"branch","line":42,"loc":{"start":{"line":42,"column":30},"end":{"line":42,"column":41}},"locations":[{"start":{"line":42,"column":30},"end":{"line":42,"column":41}}]},"16":{"type":"branch","line":42,"loc":{"start":{"line":42,"column":42},"end":{"line":42,"column":54}},"locations":[{"start":{"line":42,"column":42},"end":{"line":42,"column":54}}]},"17":{"type":"branch","line":42,"loc":{"start":{"line":42,"column":56},"end":{"line":44,"column":3}},"locations":[{"start":{"line":42,"column":56},"end":{"line":44,"column":3}}]},"18":{"type":"branch","line":46,"loc":{"start":{"line":46,"column":29},"end":{"line":46,"column":54}},"locations":[{"start":{"line":46,"column":29},"end":{"line":46,"column":54}}]},"19":{"type":"branch","line":46,"loc":{"start":{"line":46,"column":55},"end":{"line":46,"column":74}},"locations":[{"start":{"line":46,"column":55},"end":{"line":46,"column":74}}]},"20":{"type":"branch","line":50,"loc":{"start":{"line":50,"column":7},"end":{"line":52,"column":1}},"locations":[{"start":{"line":50,"column":7},"end":{"line":52,"column":1}}]},"21":{"type":"branch","line":51,"loc":{"start":{"line":51,"column":22},"end":{"line":51,"column":37}},"locations":[{"start":{"line":51,"column":22},"end":{"line":51,"column":37}}]},"22":{"type":"branch","line":55,"loc":{"start":{"line":55,"column":7},"end":{"line":61,"column":1}},"locations":[{"start":{"line":55,"column":7},"end":{"line":61,"column":1}}]},"23":{"type":"branch","line":58,"loc":{"start":{"line":58,"column":17},"end":{"line":58,"column":30}},"locations":[{"start":{"line":58,"column":17},"end":{"line":58,"column":30}}]},"24":{"type":"branch","line":59,"loc":{"start":{"line":59,"column":-1},"end":{"line":60,"column":38}},"locations":[{"start":{"line":59,"column":-1},"end":{"line":60,"column":38}}]},"25":{"type":"branch","line":60,"loc":{"start":{"line":60,"column":38},"end":{"line":60,"column":69}},"locations":[{"start":{"line":60,"column":38},"end":{"line":60,"column":69}}]},"26":{"type":"branch","line":64,"loc":{"start":{"line":64,"column":7},"end":{"line":75,"column":1}},"locations":[{"start":{"line":64,"column":7},"end":{"line":75,"column":1}}]},"27":{"type":"branch","line":70,"loc":{"start":{"line":70,"column":37},"end":{"line":72,"column":3}},"locations":[{"start":{"line":70,"column":37},"end":{"line":72,"column":3}}]},"28":{"type":"branch","line":73,"loc":{"start":{"line":73,"column":-1},"end":{"line":74,"column":45}},"locations":[{"start":{"line":73,"column":-1},"end":{"line":74,"column":45}}]},"29":{"type":"branch","line":74,"loc":{"start":{"line":74,"column":45},"end":{"line":74,"column":58}},"locations":[{"start":{"line":74,"column":45},"end":{"line":74,"column":58}}]},"30":{"type":"branch","line":78,"loc":{"start":{"line":78,"column":7},"end":{"line":85,"column":1}},"locations":[{"start":{"line":78,"column":7},"end":{"line":85,"column":1}}]},"31":{"type":"branch","line":79,"loc":{"start":{"line":79,"column":21},"end":{"line":84,"column":3}},"locations":[{"start":{"line":79,"column":21},"end":{"line":84,"column":3}}]},"32":{"type":"branch","line":80,"loc":{"start":{"line":80,"column":15},"end":{"line":83,"column":5}},"locations":[{"start":{"line":80,"column":15},"end":{"line":83,"column":5}}]},"33":{"type":"branch","line":88,"loc":{"start":{"line":88,"column":7},"end":{"line":90,"column":1}},"locations":[{"start":{"line":88,"column":7},"end":{"line":90,"column":1}}]},"34":{"type":"branch","line":94,"loc":{"start":{"line":94,"column":2},"end":{"line":96,"column":3}},"locations":[{"start":{"line":94,"column":2},"end":{"line":96,"column":3}}]},"35":{"type":"branch","line":98,"loc":{"start":{"line":98,"column":2},"end":{"line":100,"column":3}},"locations":[{"start":{"line":98,"column":2},"end":{"line":100,"column":3}}]},"36":{"type":"branch","line":102,"loc":{"start":{"line":102,"column":2},"end":{"line":107,"column":3}},"locations":[{"start":{"line":102,"column":2},"end":{"line":107,"column":3}}]},"37":{"type":"branch","line":103,"loc":{"start":{"line":103,"column":24},"end":{"line":107,"column":2}},"locations":[{"start":{"line":103,"column":24},"end":{"line":107,"column":2}}]},"38":{"type":"branch","line":109,"loc":{"start":{"line":109,"column":2},"end":{"line":114,"column":3}},"locations":[{"start":{"line":109,"column":2},"end":{"line":114,"column":3}}]},"39":{"type":"branch","line":110,"loc":{"start":{"line":110,"column":24},"end":{"line":114,"column":2}},"locations":[{"start":{"line":110,"column":24},"end":{"line":114,"column":2}}]},"40":{"type":"branch","line":116,"loc":{"start":{"line":116,"column":2},"end":{"line":118,"column":3}},"locations":[{"start":{"line":116,"column":2},"end":{"line":118,"column":3}}]},"41":{"type":"branch","line":120,"loc":{"start":{"line":120,"column":2},"end":{"line":122,"column":3}},"locations":[{"start":{"line":120,"column":2},"end":{"line":122,"column":3}}]},"42":{"type":"branch","line":124,"loc":{"start":{"line":124,"column":2},"end":{"line":126,"column":3}},"locations":[{"start":{"line":124,"column":2},"end":{"line":126,"column":3}}]},"43":{"type":"branch","line":130,"loc":{"start":{"line":130,"column":7},"end":{"line":144,"column":1}},"locations":[{"start":{"line":130,"column":7},"end":{"line":144,"column":1}}]},"44":{"type":"branch","line":132,"loc":{"start":{"line":132,"column":4},"end":{"line":135,"column":6}},"locations":[{"start":{"line":132,"column":4},"end":{"line":135,"column":6}}]},"45":{"type":"branch","line":136,"loc":{"start":{"line":136,"column":-1},"end":{"line":138,"column":4}},"locations":[{"start":{"line":136,"column":-1},"end":{"line":138,"column":4}}]},"46":{"type":"branch","line":138,"loc":{"start":{"line":138,"column":4},"end":{"line":141,"column":6}},"locations":[{"start":{"line":138,"column":4},"end":{"line":141,"column":6}}]},"47":{"type":"branch","line":142,"loc":{"start":{"line":142,"column":-1},"end":{"line":144,"column":1}},"locations":[{"start":{"line":142,"column":-1},"end":{"line":144,"column":1}}]},"48":{"type":"branch","line":146,"loc":{"start":{"line":146,"column":7},"end":{"line":169,"column":1}},"locations":[{"start":{"line":146,"column":7},"end":{"line":169,"column":1}}]},"49":{"type":"branch","line":148,"loc":{"start":{"line":148,"column":27},"end":{"line":150,"column":3}},"locations":[{"start":{"line":148,"column":27},"end":{"line":150,"column":3}}]},"50":{"type":"branch","line":151,"loc":{"start":{"line":151,"column":-1},"end":{"line":153,"column":31}},"locations":[{"start":{"line":151,"column":-1},"end":{"line":153,"column":31}}]},"51":{"type":"branch","line":153,"loc":{"start":{"line":153,"column":31},"end":{"line":155,"column":3}},"locations":[{"start":{"line":153,"column":31},"end":{"line":155,"column":3}}]},"52":{"type":"branch","line":156,"loc":{"start":{"line":156,"column":-1},"end":{"line":158,"column":31}},"locations":[{"start":{"line":156,"column":-1},"end":{"line":158,"column":31}}]},"53":{"type":"branch","line":158,"loc":{"start":{"line":158,"column":31},"end":{"line":160,"column":3}},"locations":[{"start":{"line":158,"column":31},"end":{"line":160,"column":3}}]},"54":{"type":"branch","line":161,"loc":{"start":{"line":161,"column":-1},"end":{"line":163,"column":28}},"locations":[{"start":{"line":161,"column":-1},"end":{"line":163,"column":28}}]},"55":{"type":"branch","line":163,"loc":{"start":{"line":163,"column":28},"end":{"line":169,"column":1}},"locations":[{"start":{"line":163,"column":28},"end":{"line":169,"column":1}}]}},"b":{"0":[3],"1":[6],"2":[5],"3":[2],"4":[4],"5":[1],"6":[3],"7":[1],"8":[2],"9":[1],"10":[3],"11":[9],"12":[8],"13":[5],"14":[5],"15":[8],"16":[5],"17":[5],"18":[1],"19":[8],"20":[5],"21":[4],"22":[9],"23":[2],"24":[7],"25":[5],"26":[9],"27":[1],"28":[8],"29":[6],"30":[1],"31":[1],"32":[1],"33":[1],"34":[9],"35":[12],"36":[2],"37":[1],"38":[2],"39":[1],"40":[6],"41":[5],"42":[1],"43":[8],"44":[2],"45":[6],"46":[4],"47":[2],"48":[5],"49":[1],"50":[4],"51":[1],"52":[3],"53":[1],"54":[2],"55":[1]},"fnMap":{"0":{"name":"getCoupons","decl":{"start":{"line":2,"column":7},"end":{"line":8,"column":1}},"loc":{"start":{"line":2,"column":7},"end":{"line":8,"column":1}},"line":2},"1":{"name":"calculateDiscount","decl":{"start":{"line":11,"column":7},"end":{"line":28,"column":1}},"loc":{"start":{"line":11,"column":7},"end":{"line":28,"column":1}},"line":11},"2":{"name":"validateUserInput","decl":{"start":{"line":31,"column":7},"end":{"line":47,"column":1}},"loc":{"start":{"line":31,"column":7},"end":{"line":47,"column":1}},"line":31},"3":{"name":"isPriceInRange","decl":{"start":{"line":50,"column":7},"end":{"line":52,"column":1}},"loc":{"start":{"line":50,"column":7},"end":{"line":52,"column":1}},"line":50},"4":{"name":"isValidUsername","decl":{"start":{"line":55,"column":7},"end":{"line":61,"column":1}},"loc":{"start":{"line":55,"column":7},"end":{"line":61,"column":1}},"line":55},"5":{"name":"canDrive","decl":{"start":{"line":64,"column":7},"end":{"line":75,"column":1}},"loc":{"start":{"line":64,"column":7},"end":{"line":75,"column":1}},"line":64},"6":{"name":"fetchData","decl":{"start":{"line":78,"column":7},"end":{"line":85,"column":1}},"loc":{"start":{"line":78,"column":7},"end":{"line":85,"column":1}},"line":78},"7":{"name":"fetchDataReject","decl":{"start":{"line":88,"column":7},"end":{"line":90,"column":1}},"loc":{"start":{"line":88,"column":7},"end":{"line":90,"column":1}},"line":88},"8":{"name":"Stack","decl":{"start":{"line":94,"column":2},"end":{"line":96,"column":3}},"loc":{"start":{"line":94,"column":2},"end":{"line":96,"column":3}},"line":94},"9":{"name":"push","decl":{"start":{"line":98,"column":2},"end":{"line":100,"column":3}},"loc":{"start":{"line":98,"column":2},"end":{"line":100,"column":3}},"line":98},"10":{"name":"pop","decl":{"start":{"line":102,"column":2},"end":{"line":107,"column":3}},"loc":{"start":{"line":102,"column":2},"end":{"line":107,"column":3}},"line":102},"11":{"name":"peek","decl":{"start":{"line":109,"column":2},"end":{"line":114,"column":3}},"loc":{"start":{"line":109,"column":2},"end":{"line":114,"column":3}},"line":109},"12":{"name":"isEmpty","decl":{"start":{"line":116,"column":2},"end":{"line":118,"column":3}},"loc":{"start":{"line":116,"column":2},"end":{"line":118,"column":3}},"line":116},"13":{"name":"size","decl":{"start":{"line":120,"column":2},"end":{"line":122,"column":3}},"loc":{"start":{"line":120,"column":2},"end":{"line":122,"column":3}},"line":120},"14":{"name":"clear","decl":{"start":{"line":124,"column":2},"end":{"line":126,"column":3}},"loc":{"start":{"line":124,"column":2},"end":{"line":126,"column":3}},"line":124},"15":{"name":"createProduct","decl":{"start":{"line":130,"column":7},"end":{"line":144,"column":1}},"loc":{"start":{"line":130,"column":7},"end":{"line":144,"column":1}},"line":130},"16":{"name":"isStrongPassword","decl":{"start":{"line":146,"column":7},"end":{"line":169,"column":1}},"loc":{"start":{"line":146,"column":7},"end":{"line":169,"column":1}},"line":146}},"f":{"0":3,"1":6,"2":9,"3":5,"4":9,"5":9,"6":1,"7":1,"8":9,"9":12,"10":2,"11":2,"12":6,"13":5,"14":1,"15":8,"16":5}}
,"/home/mkweb/react-projects/ultimate-react-course/unit-testing/src/intro.js": {"path":"/home/mkweb/react-projects/ultimate-react-course/unit-testing/src/intro.js","all":false,"statementMap":{"0":{"start":{"line":1,"column":0},"end":{"line":1,"column":35}},"1":{"start":{"line":2,"column":0},"end":{"line":2,"column":27}},"2":{"start":{"line":3,"column":0},"end":{"line":3,"column":25}},"3":{"start":{"line":4,"column":0},"end":{"line":4,"column":30}},"4":{"start":{"line":5,"column":0},"end":{"line":5,"column":14}},"5":{"start":{"line":6,"column":0},"end":{"line":6,"column":23}},"6":{"start":{"line":7,"column":0},"end":{"line":7,"column":1}},"7":{"start":{"line":8,"column":0},"end":{"line":8,"column":0}},"8":{"start":{"line":9,"column":0},"end":{"line":9,"column":11}},"9":{"start":{"line":10,"column":0},"end":{"line":10,"column":29}},"10":{"start":{"line":11,"column":0},"end":{"line":11,"column":52}},"11":{"start":{"line":12,"column":0},"end":{"line":12,"column":33}},"12":{"start":{"line":13,"column":0},"end":{"line":13,"column":33}},"13":{"start":{"line":14,"column":0},"end":{"line":14,"column":22}},"14":{"start":{"line":15,"column":0},"end":{"line":15,"column":1}}},"s":{"0":1,"1":1,"2":3,"3":3,"4":3,"5":3,"6":3,"7":1,"8":1,"9":1,"10":4,"11":4,"12":4,"13":1,"14":1},"branchMap":{"0":{"type":"branch","line":2,"loc":{"start":{"line":2,"column":7},"end":{"line":7,"column":1}},"locations":[{"start":{"line":2,"column":7},"end":{"line":7,"column":1}}]},"1":{"type":"branch","line":6,"loc":{"start":{"line":6,"column":15},"end":{"line":6,"column":18}},"locations":[{"start":{"line":6,"column":15},"end":{"line":6,"column":18}}]},"2":{"type":"branch","line":6,"loc":{"start":{"line":6,"column":19},"end":{"line":6,"column":22}},"locations":[{"start":{"line":6,"column":19},"end":{"line":6,"column":22}}]},"3":{"type":"branch","line":10,"loc":{"start":{"line":10,"column":7},"end":{"line":15,"column":1}},"locations":[{"start":{"line":10,"column":7},"end":{"line":15,"column":1}}]},"4":{"type":"branch","line":11,"loc":{"start":{"line":11,"column":18},"end":{"line":11,"column":32}},"locations":[{"start":{"line":11,"column":18},"end":{"line":11,"column":32}}]},"5":{"type":"branch","line":11,"loc":{"start":{"line":11,"column":34},"end":{"line":11,"column":52}},"locations":[{"start":{"line":11,"column":34},"end":{"line":11,"column":52}}]},"6":{"type":"branch","line":12,"loc":{"start":{"line":12,"column":-1},"end":{"line":12,"column":19}},"locations":[{"start":{"line":12,"column":-1},"end":{"line":12,"column":19}}]},"7":{"type":"branch","line":12,"loc":{"start":{"line":12,"column":19},"end":{"line":12,"column":33}},"locations":[{"start":{"line":12,"column":19},"end":{"line":12,"column":33}}]},"8":{"type":"branch","line":13,"loc":{"start":{"line":13,"column":-1},"end":{"line":13,"column":19}},"locations":[{"start":{"line":13,"column":-1},"end":{"line":13,"column":19}}]},"9":{"type":"branch","line":13,"loc":{"start":{"line":13,"column":19},"end":{"line":15,"column":1}},"locations":[{"start":{"line":13,"column":19},"end":{"line":15,"column":1}}]}},"b":{"0":[3],"1":[1],"2":[2],"3":[4],"4":[2],"5":[1],"6":[3],"7":[1],"8":[2],"9":[1]},"fnMap":{"0":{"name":"max","decl":{"start":{"line":2,"column":7},"end":{"line":7,"column":1}},"loc":{"start":{"line":2,"column":7},"end":{"line":7,"column":1}},"line":2},"1":{"name":"fizzBuzz","decl":{"start":{"line":10,"column":7},"end":{"line":15,"column":1}},"loc":{"start":{"line":10,"column":7},"end":{"line":15,"column":1}},"line":10}},"f":{"0":3,"1":4}}
,"/home/mkweb/react-projects/ultimate-react-course/unit-testing/src/main.ts": {"path":"/home/mkweb/react-projects/ultimate-react-course/unit-testing/src/main.ts","all":false,"statementMap":{"0":{"start":{"line":1,"column":0},"end":{"line":1,"column":72}},"1":{"start":{"line":2,"column":0},"end":{"line":2,"column":19}},"2":{"start":{"line":3,"column":0},"end":{"line":3,"column":27}},"3":{"start":{"line":4,"column":0},"end":{"line":4,"column":3}},"4":{"start":{"line":5,"column":0},"end":{"line":5,"column":0}},"5":{"start":{"line":6,"column":0},"end":{"line":6,"column":19}},"6":{"start":{"line":7,"column":0},"end":{"line":7,"column":34}},"7":{"start":{"line":8,"column":0},"end":{"line":8,"column":19}},"8":{"start":{"line":9,"column":0},"end":{"line":9,"column":41}},"9":{"start":{"line":10,"column":0},"end":{"line":10,"column":19}},"10":{"start":{"line":11,"column":0},"end":{"line":11,"column":3}},"11":{"start":{"line":12,"column":0},"end":{"line":12,"column":0}},"12":{"start":{"line":13,"column":0},"end":{"line":13,"column":34}},"13":{"start":{"line":14,"column":0},"end":{"line":14,"column":1}}},"s":{"0":1,"1":4,"2":1,"3":1,"4":3,"5":3,"6":4,"7":1,"8":4,"9":1,"10":1,"11":3,"12":3,"13":3},"branchMap":{"0":{"type":"branch","line":1,"loc":{"start":{"line":1,"column":7},"end":{"line":14,"column":1}},"locations":[{"start":{"line":1,"column":7},"end":{"line":14,"column":1}}]},"1":{"type":"branch","line":2,"loc":{"start":{"line":2,"column":18},"end":{"line":4,"column":3}},"locations":[{"start":{"line":2,"column":18},"end":{"line":4,"column":3}}]},"2":{"type":"branch","line":4,"loc":{"start":{"line":4,"column":2},"end":{"line":7,"column":33}},"locations":[{"start":{"line":4,"column":2},"end":{"line":7,"column":33}}]},"3":{"type":"branch","line":7,"loc":{"start":{"line":7,"column":33},"end":{"line":9,"column":13}},"locations":[{"start":{"line":7,"column":33},"end":{"line":9,"column":13}}]},"4":{"type":"branch","line":9,"loc":{"start":{"line":9,"column":2},"end":{"line":11,"column":3}},"locations":[{"start":{"line":9,"column":2},"end":{"line":11,"column":3}}]},"5":{"type":"branch","line":9,"loc":{"start":{"line":9,"column":40},"end":{"line":11,"column":3}},"locations":[{"start":{"line":9,"column":40},"end":{"line":11,"column":3}}]},"6":{"type":"branch","line":11,"loc":{"start":{"line":11,"column":2},"end":{"line":14,"column":1}},"locations":[{"start":{"line":11,"column":2},"end":{"line":14,"column":1}}]}},"b":{"0":[4],"1":[1],"2":[3],"3":[1],"4":[2],"5":[1],"6":[3]},"fnMap":{"0":{"name":"calculateDiscount","decl":{"start":{"line":1,"column":7},"end":{"line":14,"column":1}},"loc":{"start":{"line":1,"column":7},"end":{"line":14,"column":1}},"line":1}},"f":{"0":4}}
,"/home/mkweb/react-projects/ultimate-react-course/unit-testing/src/mocking.js": {"path":"/home/mkweb/react-projects/ultimate-react-course/unit-testing/src/mocking.js","all":false,"statementMap":{"0":{"start":{"line":1,"column":0},"end":{"line":1,"column":49}},"1":{"start":{"line":2,"column":0},"end":{"line":2,"column":50}},"2":{"start":{"line":3,"column":0},"end":{"line":3,"column":55}},"3":{"start":{"line":4,"column":0},"end":{"line":4,"column":40}},"4":{"start":{"line":5,"column":0},"end":{"line":5,"column":39}},"5":{"start":{"line":6,"column":0},"end":{"line":6,"column":51}},"6":{"start":{"line":7,"column":0},"end":{"line":7,"column":0}},"7":{"start":{"line":8,"column":0},"end":{"line":8,"column":26}},"8":{"start":{"line":9,"column":0},"end":{"line":9,"column":53}},"9":{"start":{"line":10,"column":0},"end":{"line":10,"column":48}},"10":{"start":{"line":11,"column":0},"end":{"line":11,"column":22}},"11":{"start":{"line":12,"column":0},"end":{"line":12,"column":1}},"12":{"start":{"line":13,"column":0},"end":{"line":13,"column":0}},"13":{"start":{"line":14,"column":0},"end":{"line":14,"column":11}},"14":{"start":{"line":15,"column":0},"end":{"line":15,"column":46}},"15":{"start":{"line":16,"column":0},"end":{"line":16,"column":46}},"16":{"start":{"line":17,"column":0},"end":{"line":17,"column":44}},"17":{"start":{"line":18,"column":0},"end":{"line":18,"column":71}},"18":{"start":{"line":19,"column":0},"end":{"line":19,"column":1}},"19":{"start":{"line":20,"column":0},"end":{"line":20,"column":0}},"20":{"start":{"line":21,"column":0},"end":{"line":21,"column":30}},"21":{"start":{"line":22,"column":0},"end":{"line":22,"column":36}},"22":{"start":{"line":23,"column":0},"end":{"line":23,"column":25}},"23":{"start":{"line":24,"column":0},"end":{"line":24,"column":0}},"24":{"start":{"line":25,"column":0},"end":{"line":25,"column":30}},"25":{"start":{"line":26,"column":0},"end":{"line":26,"column":1}},"26":{"start":{"line":27,"column":0},"end":{"line":27,"column":0}},"27":{"start":{"line":28,"column":0},"end":{"line":28,"column":11}},"28":{"start":{"line":29,"column":0},"end":{"line":29,"column":54}},"29":{"start":{"line":30,"column":0},"end":{"line":30,"column":68}},"30":{"start":{"line":31,"column":0},"end":{"line":31,"column":0}},"31":{"start":{"line":32,"column":0},"end":{"line":32,"column":40}},"32":{"start":{"line":33,"column":0},"end":{"line":33,"column":54}},"33":{"start":{"line":34,"column":0},"end":{"line":34,"column":0}},"34":{"start":{"line":35,"column":0},"end":{"line":35,"column":27}},"35":{"start":{"line":36,"column":0},"end":{"line":36,"column":1}},"36":{"start":{"line":37,"column":0},"end":{"line":37,"column":0}},"37":{"start":{"line":38,"column":0},"end":{"line":38,"column":26}},"38":{"start":{"line":39,"column":0},"end":{"line":39,"column":37}},"39":{"start":{"line":40,"column":0},"end":{"line":40,"column":41}},"40":{"start":{"line":41,"column":0},"end":{"line":41,"column":0}},"41":{"start":{"line":42,"column":0},"end":{"line":42,"column":44}},"42":{"start":{"line":43,"column":0},"end":{"line":43,"column":0}},"43":{"start":{"line":44,"column":0},"end":{"line":44,"column":14}},"44":{"start":{"line":45,"column":0},"end":{"line":45,"column":1}},"45":{"start":{"line":46,"column":0},"end":{"line":46,"column":0}},"46":{"start":{"line":47,"column":0},"end":{"line":47,"column":30}},"47":{"start":{"line":48,"column":0},"end":{"line":48,"column":36}},"48":{"start":{"line":49,"column":0},"end":{"line":49,"column":39}},"49":{"start":{"line":50,"column":0},"end":{"line":50,"column":0}},"50":{"start":{"line":51,"column":0},"end":{"line":51,"column":42}},"51":{"start":{"line":52,"column":0},"end":{"line":52,"column":1}},"52":{"start":{"line":53,"column":0},"end":{"line":53,"column":0}},"53":{"start":{"line":54,"column":0},"end":{"line":54,"column":24}},"54":{"start":{"line":55,"column":0},"end":{"line":55,"column":28}},"55":{"start":{"line":56,"column":0},"end":{"line":56,"column":33}},"56":{"start":{"line":57,"column":0},"end":{"line":57,"column":39}},"57":{"start":{"line":58,"column":0},"end":{"line":58,"column":44}},"58":{"start":{"line":59,"column":0},"end":{"line":59,"column":0}},"59":{"start":{"line":60,"column":0},"end":{"line":60,"column":52}},"60":{"start":{"line":61,"column":0},"end":{"line":61,"column":1}},"61":{"start":{"line":62,"column":0},"end":{"line":62,"column":0}},"62":{"start":{"line":63,"column":0},"end":{"line":63,"column":11}},"63":{"start":{"line":64,"column":0},"end":{"line":64,"column":31}},"64":{"start":{"line":65,"column":0},"end":{"line":65,"column":27}},"65":{"start":{"line":66,"column":0},"end":{"line":66,"column":75}},"66":{"start":{"line":67,"column":0},"end":{"line":67,"column":34}},"67":{"start":{"line":68,"column":0},"end":{"line":68,"column":1}}},"s":{"0":1,"1":1,"2":1,"3":1,"4":1,"5":1,"6":1,"7":1,"8":1,"9":1,"10":1,"11":1,"12":1,"13":1,"14":1,"15":2,"16":2,"17":1,"18":1,"19":1,"20":1,"21":1,"22":2,"23":2,"24":2,"25":2,"26":1,"27":1,"28":1,"29":3,"30":3,"31":3,"32":3,"33":2,"34":2,"35":2,"36":1,"37":1,"38":1,"39":3,"40":2,"41":2,"42":2,"43":2,"44":2,"45":1,"46":1,"47":1,"48":1,"49":1,"50":1,"51":1,"52":1,"53":1,"54":1,"55":4,"56":4,"57":4,"58":4,"59":4,"60":4,"61":1,"62":1,"63":1,"64":2,"65":2,"66":2,"67":2},"branchMap":{"0":{"type":"branch","line":9,"loc":{"start":{"line":9,"column":7},"end":{"line":12,"column":1}},"locations":[{"start":{"line":9,"column":7},"end":{"line":12,"column":1}}]},"1":{"type":"branch","line":15,"loc":{"start":{"line":15,"column":7},"end":{"line":19,"column":1}},"locations":[{"start":{"line":15,"column":7},"end":{"line":19,"column":1}}]},"2":{"type":"branch","line":17,"loc":{"start":{"line":17,"column":14},"end":{"line":19,"column":1}},"locations":[{"start":{"line":17,"column":14},"end":{"line":19,"column":1}}]},"3":{"type":"branch","line":22,"loc":{"start":{"line":22,"column":7},"end":{"line":26,"column":1}},"locations":[{"start":{"line":22,"column":7},"end":{"line":26,"column":1}}]},"4":{"type":"branch","line":29,"loc":{"start":{"line":29,"column":7},"end":{"line":36,"column":1}},"locations":[{"start":{"line":29,"column":7},"end":{"line":36,"column":1}}]},"5":{"type":"branch","line":33,"loc":{"start":{"line":33,"column":4},"end":{"line":33,"column":54}},"locations":[{"start":{"line":33,"column":4},"end":{"line":33,"column":54}}]},"6":{"type":"branch","line":34,"loc":{"start":{"line":34,"column":-1},"end":{"line":36,"column":1}},"locations":[{"start":{"line":34,"column":-1},"end":{"line":36,"column":1}}]},"7":{"type":"branch","line":39,"loc":{"start":{"line":39,"column":7},"end":{"line":45,"column":1}},"locations":[{"start":{"line":39,"column":7},"end":{"line":45,"column":1}}]},"8":{"type":"branch","line":40,"loc":{"start":{"line":40,"column":28},"end":{"line":40,"column":41}},"locations":[{"start":{"line":40,"column":28},"end":{"line":40,"column":41}}]},"9":{"type":"branch","line":41,"loc":{"start":{"line":41,"column":-1},"end":{"line":45,"column":1}},"locations":[{"start":{"line":41,"column":-1},"end":{"line":45,"column":1}}]},"10":{"type":"branch","line":48,"loc":{"start":{"line":48,"column":7},"end":{"line":52,"column":1}},"locations":[{"start":{"line":48,"column":7},"end":{"line":52,"column":1}}]},"11":{"type":"branch","line":55,"loc":{"start":{"line":55,"column":7},"end":{"line":61,"column":1}},"locations":[{"start":{"line":55,"column":7},"end":{"line":61,"column":1}}]},"12":{"type":"branch","line":60,"loc":{"start":{"line":60,"column":29},"end":{"line":60,"column":51}},"locations":[{"start":{"line":60,"column":29},"end":{"line":60,"column":51}}]},"13":{"type":"branch","line":64,"loc":{"start":{"line":64,"column":7},"end":{"line":68,"column":1}},"locations":[{"start":{"line":64,"column":7},"end":{"line":68,"column":1}}]},"14":{"type":"branch","line":67,"loc":{"start":{"line":67,"column":24},"end":{"line":67,"column":29}},"locations":[{"start":{"line":67,"column":24},"end":{"line":67,"column":29}}]},"15":{"type":"branch","line":67,"loc":{"start":{"line":67,"column":30},"end":{"line":67,"column":33}},"locations":[{"start":{"line":67,"column":30},"end":{"line":67,"column":33}}]}},"b":{"0":[1],"1":[2],"2":[1],"3":[2],"4":[3],"5":[1],"6":[2],"7":[3],"8":[1],"9":[2],"10":[1],"11":[4],"12":[3],"13":[2],"14":[1],"15":[1]},"fnMap":{"0":{"name":"getPriceInCurrency","decl":{"start":{"line":9,"column":7},"end":{"line":12,"column":1}},"loc":{"start":{"line":9,"column":7},"end":{"line":12,"column":1}},"line":9},"1":{"name":"getShippingInfo","decl":{"start":{"line":15,"column":7},"end":{"line":19,"column":1}},"loc":{"start":{"line":15,"column":7},"end":{"line":19,"column":1}},"line":15},"2":{"name":"renderPage","decl":{"start":{"line":22,"column":7},"end":{"line":26,"column":1}},"loc":{"start":{"line":22,"column":7},"end":{"line":26,"column":1}},"line":22},"3":{"name":"submitOrder","decl":{"start":{"line":29,"column":7},"end":{"line":36,"column":1}},"loc":{"start":{"line":29,"column":7},"end":{"line":36,"column":1}},"line":29},"4":{"name":"signUp","decl":{"start":{"line":39,"column":7},"end":{"line":45,"column":1}},"loc":{"start":{"line":39,"column":7},"end":{"line":45,"column":1}},"line":39},"5":{"name":"login","decl":{"start":{"line":48,"column":7},"end":{"line":52,"column":1}},"loc":{"start":{"line":48,"column":7},"end":{"line":52,"column":1}},"line":48},"6":{"name":"isOnline","decl":{"start":{"line":55,"column":7},"end":{"line":61,"column":1}},"loc":{"start":{"line":55,"column":7},"end":{"line":61,"column":1}},"line":55},"7":{"name":"getDiscount","decl":{"start":{"line":64,"column":7},"end":{"line":68,"column":1}},"loc":{"start":{"line":64,"column":7},"end":{"line":68,"column":1}},"line":64}},"f":{"0":1,"1":2,"2":2,"3":3,"4":3,"5":1,"6":4,"7":2}}
,"/home/mkweb/react-projects/ultimate-react-course/unit-testing/src/libs/analytics.js": {"path":"/home/mkweb/react-projects/ultimate-react-course/unit-testing/src/libs/analytics.js","all":false,"statementMap":{"0":{"start":{"line":1,"column":0},"end":{"line":1,"column":26}},"1":{"start":{"line":2,"column":0},"end":{"line":2,"column":0}},"2":{"start":{"line":3,"column":0},"end":{"line":3,"column":47}},"3":{"start":{"line":4,"column":0},"end":{"line":4,"column":38}},"4":{"start":{"line":5,"column":0},"end":{"line":5,"column":35}},"5":{"start":{"line":6,"column":0},"end":{"line":6,"column":20}},"6":{"start":{"line":7,"column":0},"end":{"line":7,"column":1}}},"s":{"0":1,"1":1,"2":1,"3":0,"4":0,"5":0,"6":0},"branchMap":{},"b":{},"fnMap":{"0":{"name":"trackPageView","decl":{"start":{"line":3,"column":7},"end":{"line":7,"column":1}},"loc":{"start":{"line":3,"column":7},"end":{"line":7,"column":1}},"line":3}},"f":{"0":0}}
,"/home/mkweb/react-projects/ultimate-react-course/unit-testing/src/libs/currency.js": {"path":"/home/mkweb/react-projects/ultimate-react-course/unit-testing/src/libs/currency.js","all":false,"statementMap":{"0":{"start":{"line":1,"column":0},"end":{"line":1,"column":46}},"1":{"start":{"line":2,"column":0},"end":{"line":2,"column":60}},"2":{"start":{"line":3,"column":0},"end":{"line":3,"column":23}},"3":{"start":{"line":4,"column":0},"end":{"line":4,"column":2}}},"s":{"0":1,"1":0,"2":0,"3":0},"branchMap":{},"b":{},"fnMap":{"0":{"name":"getExchangeRate","decl":{"start":{"line":1,"column":31},"end":{"line":4,"column":2}},"loc":{"start":{"line":1,"column":31},"end":{"line":4,"column":2}},"line":1}},"f":{"0":0}}
,"/home/mkweb/react-projects/ultimate-react-course/unit-testing/src/libs/email.js": {"path":"/home/mkweb/react-projects/ultimate-react-course/unit-testing/src/libs/email.js","all":false,"statementMap":{"0":{"start":{"line":1,"column":0},"end":{"line":1,"column":26}},"1":{"start":{"line":2,"column":0},"end":{"line":2,"column":0}},"2":{"start":{"line":3,"column":0},"end":{"line":3,"column":37}},"3":{"start":{"line":4,"column":0},"end":{"line":4,"column":74}},"4":{"start":{"line":5,"column":0},"end":{"line":5,"column":0}},"5":{"start":{"line":6,"column":0},"end":{"line":6,"column":34}},"6":{"start":{"line":7,"column":0},"end":{"line":7,"column":1}},"7":{"start":{"line":8,"column":0},"end":{"line":8,"column":0}},"8":{"start":{"line":9,"column":0},"end":{"line":9,"column":46}},"9":{"start":{"line":10,"column":0},"end":{"line":10,"column":43}},"10":{"start":{"line":11,"column":0},"end":{"line":11,"column":37}},"11":{"start":{"line":12,"column":0},"end":{"line":12,"column":20}},"12":{"start":{"line":13,"column":0},"end":{"line":13,"column":1}}},"s":{"0":1,"1":1,"2":1,"3":3,"4":3,"5":3,"6":3,"7":1,"8":1,"9":0,"10":0,"11":0,"12":0},"branchMap":{"0":{"type":"branch","line":3,"loc":{"start":{"line":3,"column":7},"end":{"line":7,"column":1}},"locations":[{"start":{"line":3,"column":7},"end":{"line":7,"column":1}}]}},"b":{"0":[3]},"fnMap":{"0":{"name":"isValidEmail","decl":{"start":{"line":3,"column":7},"end":{"line":7,"column":1}},"loc":{"start":{"line":3,"column":7},"end":{"line":7,"column":1}},"line":3},"1":{"name":"sendEmail","decl":{"start":{"line":9,"column":7},"end":{"line":13,"column":1}},"loc":{"start":{"line":9,"column":7},"end":{"line":13,"column":1}},"line":9}},"f":{"0":3,"1":0}}
,"/home/mkweb/react-projects/ultimate-react-course/unit-testing/src/libs/payment.js": {"path":"/home/mkweb/react-projects/ultimate-react-course/unit-testing/src/libs/payment.js","all":false,"statementMap":{"0":{"start":{"line":1,"column":0},"end":{"line":1,"column":26}},"1":{"start":{"line":2,"column":0},"end":{"line":2,"column":0}},"2":{"start":{"line":3,"column":0},"end":{"line":3,"column":54}},"3":{"start":{"line":4,"column":0},"end":{"line":4,"column":74}},"4":{"start":{"line":5,"column":0},"end":{"line":5,"column":35}},"5":{"start":{"line":6,"column":0},"end":{"line":6,"column":20}},"6":{"start":{"line":7,"column":0},"end":{"line":7,"column":31}},"7":{"start":{"line":8,"column":0},"end":{"line":8,"column":1}}},"s":{"0":1,"1":1,"2":1,"3":0,"4":0,"5":0,"6":0,"7":0},"branchMap":{},"b":{},"fnMap":{"0":{"name":"charge","decl":{"start":{"line":3,"column":7},"end":{"line":8,"column":1}},"loc":{"start":{"line":3,"column":7},"end":{"line":8,"column":1}},"line":3}},"f":{"0":0}}
,"/home/mkweb/react-projects/ultimate-react-course/unit-testing/src/libs/security.js": {"path":"/home/mkweb/react-projects/ultimate-react-course/unit-testing/src/libs/security.js","all":false,"statementMap":{"0":{"start":{"line":1,"column":0},"end":{"line":1,"column":32}},"1":{"start":{"line":2,"column":0},"end":{"line":2,"column":68}},"2":{"start":{"line":3,"column":0},"end":{"line":3,"column":1}},"3":{"start":{"line":4,"column":0},"end":{"line":4,"column":0}},"4":{"start":{"line":5,"column":0},"end":{"line":5,"column":16}},"5":{"start":{"line":6,"column":0},"end":{"line":6,"column":15}},"6":{"start":{"line":7,"column":0},"end":{"line":7,"column":2}}},"s":{"0":1,"1":1,"2":1,"3":1,"4":1,"5":1,"6":1},"branchMap":{"0":{"type":"branch","line":1,"loc":{"start":{"line":1,"column":7},"end":{"line":3,"column":1}},"locations":[{"start":{"line":1,"column":7},"end":{"line":3,"column":1}}]}},"b":{"0":[1]},"fnMap":{"0":{"name":"generateCode","decl":{"start":{"line":1,"column":7},"end":{"line":3,"column":1}},"loc":{"start":{"line":1,"column":7},"end":{"line":3,"column":1}},"line":1}},"f":{"0":1}}
,"/home/mkweb/react-projects/ultimate-react-course/unit-testing/src/libs/shipping.js": {"path":"/home/mkweb/react-projects/ultimate-react-course/unit-testing/src/libs/shipping.js","all":false,"statementMap":{"0":{"start":{"line":1,"column":0},"end":{"line":1,"column":47}},"1":{"start":{"line":2,"column":0},"end":{"line":2,"column":64}},"2":{"start":{"line":3,"column":0},"end":{"line":3,"column":56}},"3":{"start":{"line":4,"column":0},"end":{"line":4,"column":1}}},"s":{"0":1,"1":0,"2":0,"3":0},"branchMap":{},"b":{},"fnMap":{"0":{"name":"getShippingQuote","decl":{"start":{"line":1,"column":7},"end":{"line":4,"column":1}},"loc":{"start":{"line":1,"column":7},"end":{"line":4,"column":1}},"line":1}},"f":{"0":0}}
}
